<?xml version="1.0" encoding="UTF-8"?>
<!-- Generated by org.testng.reporters.JUnitXMLReporter -->
<testsuite hostname="sceniks-MacBook-Pro.local" name="Regression" tests="6" failures="0" timestamp="12 Feb 2020 04:44:03 GMT" time="0.062" errors="0">
  <testcase name="BrowserAUtomation" time="0.014" classname="qaclickacademy.SeleniumTest"/>
  <testcase name="elementsUi" time="0.001" classname="qaclickacademy.SeleniumTest"/>
  <testcase name="deleteTwitter" time="0.002" classname="qaclickacademy.RESTAPITest"/>
  <testcase name="posJira" time="0.001" classname="qaclickacademy.RESTAPITest"/>
  <testcase name="IOSApps" time="0.002" classname="qaclickacademy.AppiumTest"/>
  <testcase name="NativeAppAndroid" time="0.005" classname="qaclickacademy.AppiumTest"/>
</testsuite> <!-- Regression -->
