<?xml version="1.0" encoding="UTF-8"?>
<!-- Generated by org.testng.reporters.JUnitXMLReporter -->
<testsuite hostname="sceniks-MacBook-Pro.local" name="Test" tests="6" failures="0" timestamp="18 Oct 2019 21:15:32 GMT" time="0.06" errors="0">
  <testcase name="BrowserAUtomation" time="0.012" classname="qaclickacademy.SeleniumTest"/>
  <testcase name="elementsUi" time="0.003" classname="qaclickacademy.SeleniumTest"/>
  <testcase name="deleteTwitter" time="0.002" classname="qaclickacademy.RESTAPITest"/>
  <testcase name="posJira" time="0.005" classname="qaclickacademy.RESTAPITest"/>
  <testcase name="IOSApps" time="0.001" classname="qaclickacademy.AppiumTest"/>
  <testcase name="NativeAppAndroid" time="0.002" classname="qaclickacademy.AppiumTest"/>
</testsuite> <!-- Test -->
