<?xml version="1.0" encoding="UTF-8"?>
<testng-results skipped="0" failed="0" total="6" passed="6">
  <reporter-output>
  </reporter-output>
  <suite name="Regression" duration-ms="62" started-at="2020-02-12T04:44:03Z" finished-at="2020-02-12T04:44:03Z">
    <groups>
    </groups>
    <test name="Regression" duration-ms="62" started-at="2020-02-12T04:44:03Z" finished-at="2020-02-12T04:44:03Z">
      <class name="qaclickacademy.AppiumTest">
        <test-method status="PASS" signature="IOSApps()[pri:0, instance:qaclickacademy.AppiumTest@6500df86]" name="IOSApps" duration-ms="2" started-at="2020-02-11T23:44:03Z" finished-at="2020-02-11T23:44:03Z">
          <reporter-output>
          </reporter-output>
        </test-method> <!-- IOSApps -->
        <test-method status="PASS" signature="NativeAppAndroid()[pri:0, instance:qaclickacademy.AppiumTest@6500df86]" name="NativeAppAndroid" duration-ms="5" started-at="2020-02-11T23:44:03Z" finished-at="2020-02-11T23:44:03Z">
          <reporter-output>
          </reporter-output>
        </test-method> <!-- NativeAppAndroid -->
      </class> <!-- qaclickacademy.AppiumTest -->
      <class name="qaclickacademy.RESTAPITest">
        <test-method status="PASS" signature="deleteTwitter()[pri:0, instance:qaclickacademy.RESTAPITest@42dafa95]" name="deleteTwitter" duration-ms="2" started-at="2020-02-11T23:44:03Z" finished-at="2020-02-11T23:44:03Z">
          <reporter-output>
          </reporter-output>
        </test-method> <!-- deleteTwitter -->
        <test-method status="PASS" signature="posJira()[pri:0, instance:qaclickacademy.RESTAPITest@42dafa95]" name="posJira" duration-ms="1" started-at="2020-02-11T23:44:03Z" finished-at="2020-02-11T23:44:03Z">
          <reporter-output>
          </reporter-output>
        </test-method> <!-- posJira -->
      </class> <!-- qaclickacademy.RESTAPITest -->
      <class name="qaclickacademy.SeleniumTest">
        <test-method status="PASS" signature="BrowserAUtomation()[pri:0, instance:qaclickacademy.SeleniumTest@4f7d0008]" name="BrowserAUtomation" duration-ms="14" started-at="2020-02-11T23:44:03Z" finished-at="2020-02-11T23:44:03Z">
          <reporter-output>
          </reporter-output>
        </test-method> <!-- BrowserAUtomation -->
        <test-method status="PASS" signature="elementsUi()[pri:0, instance:qaclickacademy.SeleniumTest@4f7d0008]" name="elementsUi" duration-ms="1" started-at="2020-02-11T23:44:03Z" finished-at="2020-02-11T23:44:03Z">
          <reporter-output>
          </reporter-output>
        </test-method> <!-- elementsUi -->
      </class> <!-- qaclickacademy.SeleniumTest -->
    </test> <!-- Regression -->
  </suite> <!-- Regression -->
</testng-results>
