<?xml version="1.0" encoding="UTF-8"?>
<!-- Generated by org.testng.reporters.JUnitXMLReporter -->
<testsuite hostname="sceniks-MacBook-Pro.local" name="Test" tests="4" failures="0" timestamp="18 Oct 2019 21:15:43 GMT" time="0.043" errors="0">
  <testcase name="BrowserAUtomation" time="0.011" classname="qaclickacademy.SeleniumTest"/>
  <testcase name="elementsUi" time="0.002" classname="qaclickacademy.SeleniumTest"/>
  <testcase name="deleteTwitter" time="0.002" classname="qaclickacademy.RESTAPITest"/>
  <testcase name="posJira" time="0.004" classname="qaclickacademy.RESTAPITest"/>
</testsuite> <!-- Test -->
